Heap:
 PSYoungGen      total 215040K, used 159074K [0x00000197a1300000, 0x00000197b0100000, 0x00000197f4e00000)
  eden space 200192K, 79% used [0x00000197a1300000,0x00000197aae58b28,0x00000197ad680000)
  from space 14848K, 0% used [0x00000197ae680000,0x00000197ae680000,0x00000197af500000)
  to   space 16384K, 0% used [0x00000197ad680000,0x00000197ad680000,0x00000197ae680000)
 ParOldGen       total 242688K, used 24156K [0x00000196f9c00000, 0x0000019708900000, 0x00000197a1300000)
  object space 242688K, 9% used [0x00000196f9c00000,0x00000196fb3971a8,0x0000019708900000)
 Metaspace       used 60425K, capacity 63988K, committed 64216K, reserved 1105920K
  class space    used 8120K, capacity 8698K, committed 8704K, reserved 1048576K
GC Heap History (10 events):
Event: 6.254 GC heap before
{Heap before GC invocations=7 (full 1):
 PSYoungGen      total 135680K, used 42204K [0x00000197a1300000, 0x00000197ab580000, 0x00000197f4e00000)
  eden space 124928K, 26% used [0x00000197a1300000,0x00000197a33772e8,0x00000197a8d00000)
  from space 10752K, 83% used [0x00000197a8d00000,0x00000197a95bfea8,0x00000197a9780000)
  to   space 11776K, 0% used [0x00000197aaa00000,0x00000197aaa00000,0x00000197ab580000)
 ParOldGen       total 106496K, used 6184K [0x00000196f9c00000, 0x0000019700400000, 0x00000197a1300000)
  object space 106496K, 5% used [0x00000196f9c00000,0x00000196fa20a368,0x0000019700400000)
 Metaspace       used 33214K, capacity 35270K, committed 35416K, reserved 1079296K
  class space    used 4366K, capacity 4715K, committed 4736K, reserved 1048576K
Event: 6.261 GC heap after
Heap after GC invocations=7 (full 1):
 PSYoungGen      total 155136K, used 8662K [0x00000197a1300000, 0x00000197ad980000, 0x00000197f4e00000)
  eden space 143360K, 0% used [0x00000197a1300000,0x00000197a1300000,0x00000197a9f00000)
  from space 11776K, 73% used [0x00000197aaa00000,0x00000197ab275958,0x00000197ab580000)
  to   space 11264K, 0% used [0x00000197a9f00000,0x00000197a9f00000,0x00000197aaa00000)
 ParOldGen       total 106496K, used 6192K [0x00000196f9c00000, 0x0000019700400000, 0x00000197a1300000)
  object space 106496K, 5% used [0x00000196f9c00000,0x00000196fa20c368,0x0000019700400000)
 Metaspace       used 33214K, capacity 35270K, committed 35416K, reserved 1079296K
  class space    used 4366K, capacity 4715K, committed 4736K, reserved 1048576K
}
Event: 6.261 GC heap before
{Heap before GC invocations=8 (full 2):
 PSYoungGen      total 155136K, used 8662K [0x00000197a1300000, 0x00000197ad980000, 0x00000197f4e00000)
  eden space 143360K, 0% used [0x00000197a1300000,0x00000197a1300000,0x00000197a9f00000)
  from space 11776K, 73% used [0x00000197aaa00000,0x00000197ab275958,0x00000197ab580000)
  to   space 11264K, 0% used [0x00000197a9f00000,0x00000197a9f00000,0x00000197aaa00000)
 ParOldGen       total 106496K, used 6192K [0x00000196f9c00000, 0x0000019700400000, 0x00000197a1300000)
  object space 106496K, 5% used [0x00000196f9c00000,0x00000196fa20c368,0x0000019700400000)
 Metaspace       used 33214K, capacity 35270K, committed 35416K, reserved 1079296K
  class space    used 4366K, capacity 4715K, committed 4736K, reserved 1048576K
Event: 6.329 GC heap after
Heap after GC invocations=8 (full 2):
 PSYoungGen      total 155136K, used 0K [0x00000197a1300000, 0x00000197ad980000, 0x00000197f4e00000)
  eden space 143360K, 0% used [0x00000197a1300000,0x00000197a1300000,0x00000197a9f00000)
  from space 11776K, 0% used [0x00000197aaa00000,0x00000197aaa00000,0x00000197ab580000)
  to   space 11264K, 0% used [0x00000197a9f00000,0x00000197a9f00000,0x00000197aaa00000)
 ParOldGen       total 168960K, used 12992K [0x00000196f9c00000, 0x0000019704100000, 0x00000197a1300000)
  object space 168960K, 7% used [0x00000196f9c00000,0x00000196fa8b0260,0x0000019704100000)
 Metaspace       used 33214K, capacity 35270K, committed 35416K, reserved 1079296K
  class space    used 4366K, capacity 4715K, committed 4736K, reserved 1048576K
}
Event: 9.808 GC heap before
{Heap before GC invocations=9 (full 2):
 PSYoungGen      total 155136K, used 143360K [0x00000197a1300000, 0x00000197ad980000, 0x00000197f4e00000)
  eden space 143360K, 100% used [0x00000197a1300000,0x00000197a9f00000,0x00000197a9f00000)
  from space 11776K, 0% used [0x00000197aaa00000,0x00000197aaa00000,0x00000197ab580000)
  to   space 11264K, 0% used [0x00000197a9f00000,0x00000197a9f00000,0x00000197aaa00000)
 ParOldGen       total 168960K, used 12992K [0x00000196f9c00000, 0x0000019704100000, 0x00000197a1300000)
  object space 168960K, 7% used [0x00000196f9c00000,0x00000196fa8b0260,0x0000019704100000)
 Metaspace       used 48975K, capacity 51332K, committed 51672K, reserved 1093632K
  class space    used 6632K, capacity 7054K, committed 7168K, reserved 1048576K
Event: 9.827 GC heap after
Heap after GC invocations=9 (full 2):
 PSYoungGen      total 154624K, used 11258K [0x00000197a1300000, 0x00000197af500000, 0x00000197f4e00000)
  eden space 143360K, 0% used [0x00000197a1300000,0x00000197a1300000,0x00000197a9f00000)
  from space 11264K, 99% used [0x00000197a9f00000,0x00000197aa9fe950,0x00000197aaa00000)
  to   space 14848K, 0% used [0x00000197ae680000,0x00000197ae680000,0x00000197af500000)
 ParOldGen       total 168960K, used 17510K [0x00000196f9c00000, 0x0000019704100000, 0x00000197a1300000)
  object space 168960K, 10% used [0x00000196f9c00000,0x00000196fad19a48,0x0000019704100000)
 Metaspace       used 48975K, capacity 51332K, committed 51672K, reserved 1093632K
  class space    used 6632K, capacity 7054K, committed 7168K, reserved 1048576K
}
Event: 11.935 GC heap before
{Heap before GC invocations=10 (full 2):
 PSYoungGen      total 154624K, used 98324K [0x00000197a1300000, 0x00000197af500000, 0x00000197f4e00000)
  eden space 143360K, 60% used [0x00000197a1300000,0x00000197a6806700,0x00000197a9f00000)
  from space 11264K, 99% used [0x00000197a9f00000,0x00000197aa9fe950,0x00000197aaa00000)
  to   space 14848K, 0% used [0x00000197ae680000,0x00000197ae680000,0x00000197af500000)
 ParOldGen       total 168960K, used 17510K [0x00000196f9c00000, 0x0000019704100000, 0x00000197a1300000)
  object space 168960K, 10% used [0x00000196f9c00000,0x00000196fad19a48,0x0000019704100000)
 Metaspace       used 55683K, capacity 58900K, committed 59028K, reserved 1099776K
  class space    used 7575K, capacity 8116K, committed 8192K, reserved 1048576K
Event: 11.987 GC heap after
Heap after GC invocations=10 (full 2):
 PSYoungGen      total 215040K, used 14549K [0x00000197a1300000, 0x00000197b0100000, 0x00000197f4e00000)
  eden space 200192K, 0% used [0x00000197a1300000,0x00000197a1300000,0x00000197ad680000)
  from space 14848K, 97% used [0x00000197ae680000,0x00000197af4b54d0,0x00000197af500000)
  to   space 16384K, 0% used [0x00000197ad680000,0x00000197ad680000,0x00000197ae680000)
 ParOldGen       total 168960K, used 17518K [0x00000196f9c00000, 0x0000019704100000, 0x00000197a1300000)
  object space 168960K, 10% used [0x00000196f9c00000,0x00000196fad1ba48,0x0000019704100000)
 Metaspace       used 55683K, capacity 58900K, committed 59028K, reserved 1099776K
  class space    used 7575K, capacity 8116K, committed 8192K, reserved 1048576K
}
Event: 11.987 GC heap before
{Heap before GC invocations=11 (full 3):
 PSYoungGen      total 215040K, used 14549K [0x00000197a1300000, 0x00000197b0100000, 0x00000197f4e00000)
  eden space 200192K, 0% used [0x00000197a1300000,0x00000197a1300000,0x00000197ad680000)
  from space 14848K, 97% used [0x00000197ae680000,0x00000197af4b54d0,0x00000197af500000)
  to   space 16384K, 0% used [0x00000197ad680000,0x00000197ad680000,0x00000197ae680000)
 ParOldGen       total 168960K, used 17518K [0x00000196f9c00000, 0x0000019704100000, 0x00000197a1300000)
  object space 168960K, 10% used [0x00000196f9c00000,0x00000196fad1ba48,0x0000019704100000)
 Metaspace       used 55683K, capacity 58900K, committed 59028K, reserved 1099776K
  class space    used 7575K, capacity 8116K, committed 8192K, reserved 1048576K
Event: 12.254 GC heap after
Heap after GC invocations=11 (full 3):
 PSYoungGen      total 215040K, used 0K [0x00000197a1300000, 0x00000197b0100000, 0x00000197f4e00000)
  eden space 200192K, 0% used [0x00000197a1300000,0x00000197a1300000,0x00000197ad680000)
  from space 14848K, 0% used [0x00000197ae680000,0x00000197ae680000,0x00000197af500000)
  to   space 16384K, 0% used [0x00000197ad680000,0x00000197ad680000,0x00000197ae680000)
 ParOldGen       total 242688K, used 24156K [0x00000196f9c00000, 0x0000019708900000, 0x00000197a1300000)
  object space 242688K, 9% used [0x00000196f9c00000,0x00000196fb3971a8,0x0000019708900000)
 Metaspace       used 55683K, capacity 58900K, committed 59028K, reserved 1099776K
  class space    used 7575K, capacity 8116K, committed 8192K, reserved 1048576K
}

